2023-09-21T02:05:34.270Z [WARN]  sdk.helper_resource: Error running Terraform CLI command: test_name=TestAccContainerAppJob_basic test_terraform_path=/tmp/plugintest-terraform1770611752/terraform test_working_directory=/tmp/plugintest1503400575 test_step_number=1
  error=
  | exit status 1
  | 
  | Error: Invalid resource type
  | 
  |   on terraform_plugin_test.tf line 43, in resource "azurerm_container_app_job" "test":
  |   43: resource "azurerm_container_app_job" "test" {
  | 
  | The provider hashicorp/azurerm does not support resource type
  | "azurerm_container_app_job".
  
2023-09-21T02:05:34.271Z [ERROR] sdk.helper_resource: Unexpected error: test_working_directory=/tmp/plugintest1503400575 test_step_number=1
  error=
  | Error running pre-apply refresh: exit status 1
  | 
  | Error: Invalid resource type
  | 
  |   on terraform_plugin_test.tf line 43, in resource "azurerm_container_app_job" "test":
  |   43: resource "azurerm_container_app_job" "test" {
  | 
  | The provider hashicorp/azurerm does not support resource type
  | "azurerm_container_app_job".
   test_name=TestAccContainerAppJob_basic test_terraform_path=/tmp/plugintest-terraform1770611752/terraform
2023-09-21T02:11:42.590Z [WARN]  sdk.helper_resource: Error running Terraform CLI command: test_working_directory=/tmp/plugintest1988153660 test_step_number=1
  error=
  | exit status 1
  | 
  | Error: Missing required argument
  | 
  |   on terraform_plugin_test.tf line 43, in resource "azurerm_container_app_job" "test":
  |   43: resource "azurerm_container_app_job" "test" {
  | 
  | The argument "environment_id" is required, but no definition was found.
   test_name=TestAccContainerAppJob_basic test_terraform_path=/tmp/plugintest-terraform3397684595/terraform
2023-09-21T02:11:42.591Z [ERROR] sdk.helper_resource: Unexpected error: test_terraform_path=/tmp/plugintest-terraform3397684595/terraform test_working_directory=/tmp/plugintest1988153660 test_step_number=1 test_name=TestAccContainerAppJob_basic
  error=
  | Error running pre-apply refresh: exit status 1
  | 
  | Error: Missing required argument
  | 
  |   on terraform_plugin_test.tf line 43, in resource "azurerm_container_app_job" "test":
  |   43: resource "azurerm_container_app_job" "test" {
  | 
  | The argument "environment_id" is required, but no definition was found.
  
2023-09-21T02:16:02.440Z [WARN]  sdk.helper_resource: Error running Terraform CLI command: test_step_number=1 test_name=TestAccContainerAppJob_basic test_terraform_path=/tmp/plugintest-terraform957433726/terraform test_working_directory=/tmp/plugintest2134385896
  error=
  | exit status 1
  | 
  | Error: Missing required argument
  | 
  |   on terraform_plugin_test.tf line 43, in resource "azurerm_container_app_job" "test":
  |   43: resource "azurerm_container_app_job" "test" {
  | 
  | The argument "container_app_environment_id" is required, but no definition
  | was found.
  
2023-09-21T02:16:02.440Z [ERROR] sdk.helper_resource: Unexpected error: test_name=TestAccContainerAppJob_basic test_terraform_path=/tmp/plugintest-terraform957433726/terraform test_working_directory=/tmp/plugintest2134385896 test_step_number=1
  error=
  | Error running pre-apply refresh: exit status 1
  | 
  | Error: Missing required argument
  | 
  |   on terraform_plugin_test.tf line 43, in resource "azurerm_container_app_job" "test":
  |   43: resource "azurerm_container_app_job" "test" {
  | 
  | The argument "container_app_environment_id" is required, but no definition
  | was found.
  
2023-09-21T02:19:04.097Z [ERROR] sdk.proto: Response contains error diagnostic: tf_provider_addr=registry.terraform.io/hashicorp/azurerm diagnostic_detail="" diagnostic_severity=ERROR tf_rpc=ValidateResourceTypeConfig tf_req_id=d8018449-9b2e-6022-9cc9-fa6ecf967491 tf_proto_version=5.4 diagnostic_summary="expected value of name to match regular expression \"^[-\\\\w\\\\._\\\\(\\\\)]+$\", got acctest-CAJob230921021859300334" diagnostic_attribute="AttributeName(\"name\")" tf_resource_type=azurerm_container_app_job
2023-09-21T02:19:04.101Z [WARN]  sdk.helper_resource: Error running Terraform CLI command:
  error=
  | exit status 1
  | 
  | Error: expected value of name to match regular expression "^[-\\\\w\\\\._\\\\(\\\\)]+$", got acctest-CAJob230921021859300334
  | 
  |   with azurerm_container_app_job.test,
  |   on terraform_plugin_test.tf line 44, in resource "azurerm_container_app_job" "test":
  |   44:   name                = "acctest-CAJob230921021859300334"
  | 
   test_terraform_path=/tmp/plugintest-terraform1133493104/terraform test_name=TestAccContainerAppJob_basic test_working_directory=/tmp/plugintest3072862039 test_step_number=1
2023-09-21T02:19:04.101Z [ERROR] sdk.helper_resource: Unexpected error:
  error=
  | Error running pre-apply refresh: exit status 1
  | 
  | Error: expected value of name to match regular expression "^[-\\\\w\\\\._\\\\(\\\\)]+$", got acctest-CAJob230921021859300334
  | 
  |   with azurerm_container_app_job.test,
  |   on terraform_plugin_test.tf line 44, in resource "azurerm_container_app_job" "test":
  |   44:   name                = "acctest-CAJob230921021859300334"
  | 
   test_step_number=1 test_terraform_path=/tmp/plugintest-terraform1133493104/terraform test_name=TestAccContainerAppJob_basic test_working_directory=/tmp/plugintest3072862039
2023-09-21T02:45:49.112Z [ERROR] sdk.proto: Response contains error diagnostic: tf_rpc=ApplyResourceChange tf_resource_type=azurerm_container_app_job diagnostic_severity=ERROR
  diagnostic_summary=
  | creating Job (Subscription: "85b3dbca-5974-4067-9669-67a141095a76"
  | Resource Group Name: "acctest-CAJob230921024404568786"
  | Job Name: "acctest-CAJob230921024404568786"): performing CreateOrUpdate: jobs.JobsClient#CreateOrUpdate: Failure sending request: StatusCode=0 -- Original Error: Code="ContainerAppInvalidName" Message="Invalid ContainerAppsJob name 'acctest-CAJob230921024404568786'. A name must consist of lower case alphanumeric characters or '-', start with an alphabetic character, and end with an alphanumeric character and cannot have '--'. The length must not be more than 32 characters."
  
  diagnostic_detail=
  | creating Job (Subscription: "85b3dbca-5974-4067-9669-67a141095a76"
  | Resource Group Name: "acctest-CAJob230921024404568786"
  | Job Name: "acctest-CAJob230921024404568786"): performing CreateOrUpdate: jobs.JobsClient#CreateOrUpdate: Failure sending request: StatusCode=0 -- Original Error: Code="ContainerAppInvalidName" Message="Invalid ContainerAppsJob name 'acctest-CAJob230921024404568786'. A name must consist of lower case alphanumeric characters or '-', start with an alphabetic character, and end with an alphanumeric character and cannot have '--'. The length must not be more than 32 characters."
   tf_req_id=a90e571a-97b1-3a37-eec3-8637082f4287 tf_provider_addr=registry.terraform.io/hashicorp/azurerm tf_proto_version=5.4
2023-09-21T02:45:49.124Z [WARN]  sdk.helper_resource: Error running Terraform CLI command: test_working_directory=/tmp/plugintest4213759227 test_name=TestAccContainerAppJob_basic test_terraform_path=/tmp/plugintest-terraform1551603879/terraform test_step_number=1
  error=
  | exit status 1
  | 
  | Error: creating Job (Subscription: "85b3dbca-5974-4067-9669-67a141095a76"
  | Resource Group Name: "acctest-CAJob230921024404568786"
  | Job Name: "acctest-CAJob230921024404568786"): performing CreateOrUpdate: jobs.JobsClient#CreateOrUpdate: Failure sending request: StatusCode=0 -- Original Error: Code="ContainerAppInvalidName" Message="Invalid ContainerAppsJob name 'acctest-CAJob230921024404568786'. A name must consist of lower case alphanumeric characters or '-', start with an alphabetic character, and end with an alphanumeric character and cannot have '--'. The length must not be more than 32 characters."
  | 
  |   with azurerm_container_app_job.test,
  |   on terraform_plugin_test.tf line 43, in resource "azurerm_container_app_job" "test":
  |   43: resource "azurerm_container_app_job" "test" {
  | 
  | creating Job (Subscription: "85b3dbca-5974-4067-9669-67a141095a76"
  | Resource Group Name: "acctest-CAJob230921024404568786"
  | Job Name: "acctest-CAJob230921024404568786"): performing CreateOrUpdate:
  | jobs.JobsClient#CreateOrUpdate: Failure sending request: StatusCode=0 --
  | Original Error: Code="ContainerAppInvalidName" Message="Invalid
  | ContainerAppsJob name 'acctest-CAJob230921024404568786'. A name must consist
  | of lower case alphanumeric characters or '-', start with an alphabetic
  | character, and end with an alphanumeric character and cannot have '--'. The
  | length must not be more than 32 characters."
  
2023-09-21T02:45:49.124Z [ERROR] sdk.helper_resource: Unexpected error:
  error=
  | Error running apply: exit status 1
  | 
  | Error: creating Job (Subscription: "85b3dbca-5974-4067-9669-67a141095a76"
  | Resource Group Name: "acctest-CAJob230921024404568786"
  | Job Name: "acctest-CAJob230921024404568786"): performing CreateOrUpdate: jobs.JobsClient#CreateOrUpdate: Failure sending request: StatusCode=0 -- Original Error: Code="ContainerAppInvalidName" Message="Invalid ContainerAppsJob name 'acctest-CAJob230921024404568786'. A name must consist of lower case alphanumeric characters or '-', start with an alphabetic character, and end with an alphanumeric character and cannot have '--'. The length must not be more than 32 characters."
  | 
  |   with azurerm_container_app_job.test,
  |   on terraform_plugin_test.tf line 43, in resource "azurerm_container_app_job" "test":
  |   43: resource "azurerm_container_app_job" "test" {
  | 
  | creating Job (Subscription: "85b3dbca-5974-4067-9669-67a141095a76"
  | Resource Group Name: "acctest-CAJob230921024404568786"
  | Job Name: "acctest-CAJob230921024404568786"): performing CreateOrUpdate:
  | jobs.JobsClient#CreateOrUpdate: Failure sending request: StatusCode=0 --
  | Original Error: Code="ContainerAppInvalidName" Message="Invalid
  | ContainerAppsJob name 'acctest-CAJob230921024404568786'. A name must consist
  | of lower case alphanumeric characters or '-', start with an alphabetic
  | character, and end with an alphanumeric character and cannot have '--'. The
  | length must not be more than 32 characters."
   test_working_directory=/tmp/plugintest4213759227 test_name=TestAccContainerAppJob_basic test_terraform_path=/tmp/plugintest-terraform1551603879/terraform test_step_number=1
2023-09-21T02:45:50.594Z [WARN]  sdk.helper_schema: Previously configured provider being re-configured. This can cause issues in concurrent testing if the configurations are not equal.: tf_req_id=30906c3f-f755-de72-952c-a11c781babb5 tf_rpc=Configure tf_provider_addr=registry.terraform.io/hashicorp/azurerm
2023-09-21T02:50:08.062Z [ERROR] sdk.proto: Response contains error diagnostic: tf_provider_addr=registry.terraform.io/hashicorp/azurerm tf_proto_version=5.4 tf_rpc=ApplyResourceChange tf_resource_type=azurerm_container_app_job
  diagnostic_detail=
  | creating Job (Subscription: "85b3dbca-5974-4067-9669-67a141095a76"
  | Resource Group Name: "acctest-CAJob230921024834052147"
  | Job Name: "acctest-cajob230921024834052147"): performing CreateOrUpdate: jobs.JobsClient#CreateOrUpdate: Failure sending request: StatusCode=0 -- Original Error: Code="ContainerAppInvalidPropertyValue" Message="Property 'containers.name' has an invalid value 'testcontainerAppsJob0'. A value must consist of lower case alphanumeric characters, '-' or '.', and must start and end with an alphanumeric character."
   diagnostic_severity=ERROR
  diagnostic_summary=
  | creating Job (Subscription: "85b3dbca-5974-4067-9669-67a141095a76"
  | Resource Group Name: "acctest-CAJob230921024834052147"
  | Job Name: "acctest-cajob230921024834052147"): performing CreateOrUpdate: jobs.JobsClient#CreateOrUpdate: Failure sending request: StatusCode=0 -- Original Error: Code="ContainerAppInvalidPropertyValue" Message="Property 'containers.name' has an invalid value 'testcontainerAppsJob0'. A value must consist of lower case alphanumeric characters, '-' or '.', and must start and end with an alphanumeric character."
   tf_req_id=ce24370f-1025-037e-6197-21cd605407e8
2023-09-21T02:50:08.073Z [WARN]  sdk.helper_resource: Error running Terraform CLI command: test_name=TestAccContainerAppJob_basic test_terraform_path=/tmp/plugintest-terraform387246010/terraform
  error=
  | exit status 1
  | 
  | Error: creating Job (Subscription: "85b3dbca-5974-4067-9669-67a141095a76"
  | Resource Group Name: "acctest-CAJob230921024834052147"
  | Job Name: "acctest-cajob230921024834052147"): performing CreateOrUpdate: jobs.JobsClient#CreateOrUpdate: Failure sending request: StatusCode=0 -- Original Error: Code="ContainerAppInvalidPropertyValue" Message="Property 'containers.name' has an invalid value 'testcontainerAppsJob0'. A value must consist of lower case alphanumeric characters, '-' or '.', and must start and end with an alphanumeric character."
  | 
  |   with azurerm_container_app_job.test,
  |   on terraform_plugin_test.tf line 43, in resource "azurerm_container_app_job" "test":
  |   43: resource "azurerm_container_app_job" "test" {
  | 
  | creating Job (Subscription: "85b3dbca-5974-4067-9669-67a141095a76"
  | Resource Group Name: "acctest-CAJob230921024834052147"
  | Job Name: "acctest-cajob230921024834052147"): performing CreateOrUpdate:
  | jobs.JobsClient#CreateOrUpdate: Failure sending request: StatusCode=0 --
  | Original Error: Code="ContainerAppInvalidPropertyValue" Message="Property
  | 'containers.name' has an invalid value 'testcontainerAppsJob0'. A value must
  | consist of lower case alphanumeric characters, '-' or '.', and must start and
  | end with an alphanumeric character."
   test_working_directory=/tmp/plugintest1928087284 test_step_number=1
2023-09-21T02:50:08.074Z [ERROR] sdk.helper_resource: Unexpected error: test_terraform_path=/tmp/plugintest-terraform387246010/terraform
  error=
  | Error running apply: exit status 1
  | 
  | Error: creating Job (Subscription: "85b3dbca-5974-4067-9669-67a141095a76"
  | Resource Group Name: "acctest-CAJob230921024834052147"
  | Job Name: "acctest-cajob230921024834052147"): performing CreateOrUpdate: jobs.JobsClient#CreateOrUpdate: Failure sending request: StatusCode=0 -- Original Error: Code="ContainerAppInvalidPropertyValue" Message="Property 'containers.name' has an invalid value 'testcontainerAppsJob0'. A value must consist of lower case alphanumeric characters, '-' or '.', and must start and end with an alphanumeric character."
  | 
  |   with azurerm_container_app_job.test,
  |   on terraform_plugin_test.tf line 43, in resource "azurerm_container_app_job" "test":
  |   43: resource "azurerm_container_app_job" "test" {
  | 
  | creating Job (Subscription: "85b3dbca-5974-4067-9669-67a141095a76"
  | Resource Group Name: "acctest-CAJob230921024834052147"
  | Job Name: "acctest-cajob230921024834052147"): performing CreateOrUpdate:
  | jobs.JobsClient#CreateOrUpdate: Failure sending request: StatusCode=0 --
  | Original Error: Code="ContainerAppInvalidPropertyValue" Message="Property
  | 'containers.name' has an invalid value 'testcontainerAppsJob0'. A value must
  | consist of lower case alphanumeric characters, '-' or '.', and must start and
  | end with an alphanumeric character."
   test_working_directory=/tmp/plugintest1928087284 test_step_number=1 test_name=TestAccContainerAppJob_basic
2023-09-21T02:50:09.498Z [WARN]  sdk.helper_schema: Previously configured provider being re-configured. This can cause issues in concurrent testing if the configurations are not equal.: tf_req_id=1bb89af4-e78d-e717-7ed5-55ce3314a004 tf_provider_addr=registry.terraform.io/hashicorp/azurerm tf_rpc=Configure
2023-09-21T02:52:50.004Z [ERROR] sdk.proto: Response contains error diagnostic:
  diagnostic_summary=
  | creating Job (Subscription: "85b3dbca-5974-4067-9669-67a141095a76"
  | Resource Group Name: "acctest-CAJob230921025116772067"
  | Job Name: "acctest-cajob230921025116772067"): performing CreateOrUpdate: jobs.JobsClient#CreateOrUpdate: Failure sending request: StatusCode=0 -- Original Error: Code="ContainerAppProbeTimeoutSecondsOutOfRange" Message="Container 'testcontainerappsjob0' 'Type' probe's TimeoutSeconds must be in the range of ['1', '240']."
   tf_provider_addr=registry.terraform.io/hashicorp/azurerm tf_proto_version=5.4 tf_rpc=ApplyResourceChange tf_resource_type=azurerm_container_app_job tf_req_id=02892808-5393-c2fa-3167-e995e2020044
  diagnostic_detail=
  | creating Job (Subscription: "85b3dbca-5974-4067-9669-67a141095a76"
  | Resource Group Name: "acctest-CAJob230921025116772067"
  | Job Name: "acctest-cajob230921025116772067"): performing CreateOrUpdate: jobs.JobsClient#CreateOrUpdate: Failure sending request: StatusCode=0 -- Original Error: Code="ContainerAppProbeTimeoutSecondsOutOfRange" Message="Container 'testcontainerappsjob0' 'Type' probe's TimeoutSeconds must be in the range of ['1', '240']."
   diagnostic_severity=ERROR
2023-09-21T02:52:50.016Z [WARN]  sdk.helper_resource: Error running Terraform CLI command: test_step_number=1
  error=
  | exit status 1
  | 
  | Error: creating Job (Subscription: "85b3dbca-5974-4067-9669-67a141095a76"
  | Resource Group Name: "acctest-CAJob230921025116772067"
  | Job Name: "acctest-cajob230921025116772067"): performing CreateOrUpdate: jobs.JobsClient#CreateOrUpdate: Failure sending request: StatusCode=0 -- Original Error: Code="ContainerAppProbeTimeoutSecondsOutOfRange" Message="Container 'testcontainerappsjob0' 'Type' probe's TimeoutSeconds must be in the range of ['1', '240']."
  | 
  |   with azurerm_container_app_job.test,
  |   on terraform_plugin_test.tf line 43, in resource "azurerm_container_app_job" "test":
  |   43: resource "azurerm_container_app_job" "test" {
  | 
  | creating Job (Subscription: "85b3dbca-5974-4067-9669-67a141095a76"
  | Resource Group Name: "acctest-CAJob230921025116772067"
  | Job Name: "acctest-cajob230921025116772067"): performing CreateOrUpdate:
  | jobs.JobsClient#CreateOrUpdate: Failure sending request: StatusCode=0 --
  | Original Error: Code="ContainerAppProbeTimeoutSecondsOutOfRange"
  | Message="Container 'testcontainerappsjob0' 'Type' probe's TimeoutSeconds must
  | be in the range of ['1', '240']."
   test_name=TestAccContainerAppJob_basic test_terraform_path=/tmp/plugintest-terraform4188211956/terraform test_working_directory=/tmp/plugintest4181543722
2023-09-21T02:52:50.016Z [ERROR] sdk.helper_resource: Unexpected error: test_step_number=1 test_name=TestAccContainerAppJob_basic test_terraform_path=/tmp/plugintest-terraform4188211956/terraform test_working_directory=/tmp/plugintest4181543722
  error=
  | Error running apply: exit status 1
  | 
  | Error: creating Job (Subscription: "85b3dbca-5974-4067-9669-67a141095a76"
  | Resource Group Name: "acctest-CAJob230921025116772067"
  | Job Name: "acctest-cajob230921025116772067"): performing CreateOrUpdate: jobs.JobsClient#CreateOrUpdate: Failure sending request: StatusCode=0 -- Original Error: Code="ContainerAppProbeTimeoutSecondsOutOfRange" Message="Container 'testcontainerappsjob0' 'Type' probe's TimeoutSeconds must be in the range of ['1', '240']."
  | 
  |   with azurerm_container_app_job.test,
  |   on terraform_plugin_test.tf line 43, in resource "azurerm_container_app_job" "test":
  |   43: resource "azurerm_container_app_job" "test" {
  | 
  | creating Job (Subscription: "85b3dbca-5974-4067-9669-67a141095a76"
  | Resource Group Name: "acctest-CAJob230921025116772067"
  | Job Name: "acctest-cajob230921025116772067"): performing CreateOrUpdate:
  | jobs.JobsClient#CreateOrUpdate: Failure sending request: StatusCode=0 --
  | Original Error: Code="ContainerAppProbeTimeoutSecondsOutOfRange"
  | Message="Container 'testcontainerappsjob0' 'Type' probe's TimeoutSeconds must
  | be in the range of ['1', '240']."
  
2023-09-21T02:52:51.422Z [WARN]  sdk.helper_schema: Previously configured provider being re-configured. This can cause issues in concurrent testing if the configurations are not equal.: tf_provider_addr=registry.terraform.io/hashicorp/azurerm tf_rpc=Configure tf_req_id=aa588852-1cb2-cb50-c12d-a9e54ce1e464
2023-09-21T02:59:08.409Z [ERROR] sdk.proto: Response contains error diagnostic: tf_rpc=ApplyResourceChange tf_req_id=03d77252-470a-5d8b-7b3d-49d48717d5bf tf_provider_addr=registry.terraform.io/hashicorp/azurerm tf_proto_version=5.4
  diagnostic_detail=
  | creating Job (Subscription: "85b3dbca-5974-4067-9669-67a141095a76"
  | Resource Group Name: "acctest-CAJob230921025734474779"
  | Job Name: "acctest-cajob230921025734474779"): performing CreateOrUpdate: jobs.JobsClient#CreateOrUpdate: Failure sending request: StatusCode=0 -- Original Error: Code="ContainerAppProbeSuccessThresholdStartupOrLivenessInvalid" Message="Container 'testcontainerappsjob0' 'Type' probe's SuccessThreshold must be 1."
   diagnostic_severity=ERROR
  diagnostic_summary=
  | creating Job (Subscription: "85b3dbca-5974-4067-9669-67a141095a76"
  | Resource Group Name: "acctest-CAJob230921025734474779"
  | Job Name: "acctest-cajob230921025734474779"): performing CreateOrUpdate: jobs.JobsClient#CreateOrUpdate: Failure sending request: StatusCode=0 -- Original Error: Code="ContainerAppProbeSuccessThresholdStartupOrLivenessInvalid" Message="Container 'testcontainerappsjob0' 'Type' probe's SuccessThreshold must be 1."
   tf_resource_type=azurerm_container_app_job
2023-09-21T02:59:08.420Z [WARN]  sdk.helper_resource: Error running Terraform CLI command:
  error=
  | exit status 1
  | 
  | Error: creating Job (Subscription: "85b3dbca-5974-4067-9669-67a141095a76"
  | Resource Group Name: "acctest-CAJob230921025734474779"
  | Job Name: "acctest-cajob230921025734474779"): performing CreateOrUpdate: jobs.JobsClient#CreateOrUpdate: Failure sending request: StatusCode=0 -- Original Error: Code="ContainerAppProbeSuccessThresholdStartupOrLivenessInvalid" Message="Container 'testcontainerappsjob0' 'Type' probe's SuccessThreshold must be 1."
  | 
  |   with azurerm_container_app_job.test,
  |   on terraform_plugin_test.tf line 43, in resource "azurerm_container_app_job" "test":
  |   43: resource "azurerm_container_app_job" "test" {
  | 
  | creating Job (Subscription: "85b3dbca-5974-4067-9669-67a141095a76"
  | Resource Group Name: "acctest-CAJob230921025734474779"
  | Job Name: "acctest-cajob230921025734474779"): performing CreateOrUpdate:
  | jobs.JobsClient#CreateOrUpdate: Failure sending request: StatusCode=0 --
  | Original Error:
  | Code="ContainerAppProbeSuccessThresholdStartupOrLivenessInvalid"
  | Message="Container 'testcontainerappsjob0' 'Type' probe's SuccessThreshold
  | must be 1."
   test_terraform_path=/tmp/plugintest-terraform1027279295/terraform test_name=TestAccContainerAppJob_basic test_working_directory=/tmp/plugintest3547132999 test_step_number=1
2023-09-21T02:59:08.420Z [ERROR] sdk.helper_resource: Unexpected error: test_terraform_path=/tmp/plugintest-terraform1027279295/terraform test_name=TestAccContainerAppJob_basic test_working_directory=/tmp/plugintest3547132999 test_step_number=1
  error=
  | Error running apply: exit status 1
  | 
  | Error: creating Job (Subscription: "85b3dbca-5974-4067-9669-67a141095a76"
  | Resource Group Name: "acctest-CAJob230921025734474779"
  | Job Name: "acctest-cajob230921025734474779"): performing CreateOrUpdate: jobs.JobsClient#CreateOrUpdate: Failure sending request: StatusCode=0 -- Original Error: Code="ContainerAppProbeSuccessThresholdStartupOrLivenessInvalid" Message="Container 'testcontainerappsjob0' 'Type' probe's SuccessThreshold must be 1."
  | 
  |   with azurerm_container_app_job.test,
  |   on terraform_plugin_test.tf line 43, in resource "azurerm_container_app_job" "test":
  |   43: resource "azurerm_container_app_job" "test" {
  | 
  | creating Job (Subscription: "85b3dbca-5974-4067-9669-67a141095a76"
  | Resource Group Name: "acctest-CAJob230921025734474779"
  | Job Name: "acctest-cajob230921025734474779"): performing CreateOrUpdate:
  | jobs.JobsClient#CreateOrUpdate: Failure sending request: StatusCode=0 --
  | Original Error:
  | Code="ContainerAppProbeSuccessThresholdStartupOrLivenessInvalid"
  | Message="Container 'testcontainerappsjob0' 'Type' probe's SuccessThreshold
  | must be 1."
  
2023-09-21T02:59:09.828Z [WARN]  sdk.helper_schema: Previously configured provider being re-configured. This can cause issues in concurrent testing if the configurations are not equal.: tf_req_id=cbd91437-23a5-cb76-68ac-4cd427671121 tf_provider_addr=registry.terraform.io/hashicorp/azurerm tf_rpc=Configure
2023-09-21T03:03:42.344Z [ERROR] sdk.proto: Response contains error diagnostic: tf_resource_type=azurerm_container_app_job diagnostic_severity=ERROR
  diagnostic_summary=
  | creating Job (Subscription: "85b3dbca-5974-4067-9669-67a141095a76"
  | Resource Group Name: "acctest-CAJob230921030159703820"
  | Job Name: "acctest-cajob230921030159703820"): performing CreateOrUpdate: jobs.JobsClient#CreateOrUpdate: Failure sending request: StatusCode=0 -- Original Error: Code="ContainerAppProbeFailureThresholdOutOfRange" Message="Container 'testcontainerappsjob0' 'Type' probe's FailureThreshold must be in the range of ['1', '30']."
  
  diagnostic_detail=
  | creating Job (Subscription: "85b3dbca-5974-4067-9669-67a141095a76"
  | Resource Group Name: "acctest-CAJob230921030159703820"
  | Job Name: "acctest-cajob230921030159703820"): performing CreateOrUpdate: jobs.JobsClient#CreateOrUpdate: Failure sending request: StatusCode=0 -- Original Error: Code="ContainerAppProbeFailureThresholdOutOfRange" Message="Container 'testcontainerappsjob0' 'Type' probe's FailureThreshold must be in the range of ['1', '30']."
   tf_proto_version=5.4 tf_rpc=ApplyResourceChange tf_req_id=e1db786f-c01d-46d9-e351-da708caf33a0 tf_provider_addr=registry.terraform.io/hashicorp/azurerm
2023-09-21T03:03:42.356Z [WARN]  sdk.helper_resource: Error running Terraform CLI command: test_name=TestAccContainerAppJob_basic test_step_number=1 test_terraform_path=/tmp/plugintest-terraform2376285660/terraform test_working_directory=/tmp/plugintest663396377
  error=
  | exit status 1
  | 
  | Error: creating Job (Subscription: "85b3dbca-5974-4067-9669-67a141095a76"
  | Resource Group Name: "acctest-CAJob230921030159703820"
  | Job Name: "acctest-cajob230921030159703820"): performing CreateOrUpdate: jobs.JobsClient#CreateOrUpdate: Failure sending request: StatusCode=0 -- Original Error: Code="ContainerAppProbeFailureThresholdOutOfRange" Message="Container 'testcontainerappsjob0' 'Type' probe's FailureThreshold must be in the range of ['1', '30']."
  | 
  |   with azurerm_container_app_job.test,
  |   on terraform_plugin_test.tf line 43, in resource "azurerm_container_app_job" "test":
  |   43: resource "azurerm_container_app_job" "test" {
  | 
  | creating Job (Subscription: "85b3dbca-5974-4067-9669-67a141095a76"
  | Resource Group Name: "acctest-CAJob230921030159703820"
  | Job Name: "acctest-cajob230921030159703820"): performing CreateOrUpdate:
  | jobs.JobsClient#CreateOrUpdate: Failure sending request: StatusCode=0 --
  | Original Error: Code="ContainerAppProbeFailureThresholdOutOfRange"
  | Message="Container 'testcontainerappsjob0' 'Type' probe's FailureThreshold
  | must be in the range of ['1', '30']."
  
2023-09-21T03:03:42.356Z [ERROR] sdk.helper_resource: Unexpected error: test_terraform_path=/tmp/plugintest-terraform2376285660/terraform test_working_directory=/tmp/plugintest663396377 test_name=TestAccContainerAppJob_basic test_step_number=1
  error=
  | Error running apply: exit status 1
  | 
  | Error: creating Job (Subscription: "85b3dbca-5974-4067-9669-67a141095a76"
  | Resource Group Name: "acctest-CAJob230921030159703820"
  | Job Name: "acctest-cajob230921030159703820"): performing CreateOrUpdate: jobs.JobsClient#CreateOrUpdate: Failure sending request: StatusCode=0 -- Original Error: Code="ContainerAppProbeFailureThresholdOutOfRange" Message="Container 'testcontainerappsjob0' 'Type' probe's FailureThreshold must be in the range of ['1', '30']."
  | 
  |   with azurerm_container_app_job.test,
  |   on terraform_plugin_test.tf line 43, in resource "azurerm_container_app_job" "test":
  |   43: resource "azurerm_container_app_job" "test" {
  | 
  | creating Job (Subscription: "85b3dbca-5974-4067-9669-67a141095a76"
  | Resource Group Name: "acctest-CAJob230921030159703820"
  | Job Name: "acctest-cajob230921030159703820"): performing CreateOrUpdate:
  | jobs.JobsClient#CreateOrUpdate: Failure sending request: StatusCode=0 --
  | Original Error: Code="ContainerAppProbeFailureThresholdOutOfRange"
  | Message="Container 'testcontainerappsjob0' 'Type' probe's FailureThreshold
  | must be in the range of ['1', '30']."
  
2023-09-21T03:03:43.697Z [WARN]  sdk.helper_schema: Previously configured provider being re-configured. This can cause issues in concurrent testing if the configurations are not equal.: tf_req_id=99261cee-da3a-d1a5-2383-dd0bd08b511a tf_provider_addr=registry.terraform.io/hashicorp/azurerm tf_rpc=Configure
2023-09-21T03:06:08.642Z [ERROR] sdk.proto: Response contains error diagnostic: tf_req_id=7debb0f8-896c-0840-9bfa-06b66c1a249e tf_proto_version=5.4 tf_resource_type=azurerm_container_app_job
  diagnostic_summary=
  | creating Job (Subscription: "85b3dbca-5974-4067-9669-67a141095a76"
  | Resource Group Name: "acctest-CAJob230921030438117816"
  | Job Name: "acctest-cajob230921030438117816"): performing CreateOrUpdate: jobs.JobsClient#CreateOrUpdate: Failure sending request: StatusCode=0 -- Original Error: Code="ContainerAppProbeTerminationGracePeriodSeconds" Message="Container 'testcontainerappsjob0' 'Liveness' probe invalid. Setting terminationGracePeriodSeconds is currently unsupported, terminationGracePeriodSeconds is fixed at 30 seconds."
  
  diagnostic_detail=
  | creating Job (Subscription: "85b3dbca-5974-4067-9669-67a141095a76"
  | Resource Group Name: "acctest-CAJob230921030438117816"
  | Job Name: "acctest-cajob230921030438117816"): performing CreateOrUpdate: jobs.JobsClient#CreateOrUpdate: Failure sending request: StatusCode=0 -- Original Error: Code="ContainerAppProbeTerminationGracePeriodSeconds" Message="Container 'testcontainerappsjob0' 'Liveness' probe invalid. Setting terminationGracePeriodSeconds is currently unsupported, terminationGracePeriodSeconds is fixed at 30 seconds."
   diagnostic_severity=ERROR tf_provider_addr=registry.terraform.io/hashicorp/azurerm tf_rpc=ApplyResourceChange
2023-09-21T03:06:08.654Z [WARN]  sdk.helper_resource: Error running Terraform CLI command:
  error=
  | exit status 1
  | 
  | Error: creating Job (Subscription: "85b3dbca-5974-4067-9669-67a141095a76"
  | Resource Group Name: "acctest-CAJob230921030438117816"
  | Job Name: "acctest-cajob230921030438117816"): performing CreateOrUpdate: jobs.JobsClient#CreateOrUpdate: Failure sending request: StatusCode=0 -- Original Error: Code="ContainerAppProbeTerminationGracePeriodSeconds" Message="Container 'testcontainerappsjob0' 'Liveness' probe invalid. Setting terminationGracePeriodSeconds is currently unsupported, terminationGracePeriodSeconds is fixed at 30 seconds."
  | 
  |   with azurerm_container_app_job.test,
  |   on terraform_plugin_test.tf line 43, in resource "azurerm_container_app_job" "test":
  |   43: resource "azurerm_container_app_job" "test" {
  | 
  | creating Job (Subscription: "85b3dbca-5974-4067-9669-67a141095a76"
  | Resource Group Name: "acctest-CAJob230921030438117816"
  | Job Name: "acctest-cajob230921030438117816"): performing CreateOrUpdate:
  | jobs.JobsClient#CreateOrUpdate: Failure sending request: StatusCode=0 --
  | Original Error: Code="ContainerAppProbeTerminationGracePeriodSeconds"
  | Message="Container 'testcontainerappsjob0' 'Liveness' probe invalid. Setting
  | terminationGracePeriodSeconds is currently unsupported,
  | terminationGracePeriodSeconds is fixed at 30 seconds."
   test_name=TestAccContainerAppJob_basic test_terraform_path=/tmp/plugintest-terraform2066198036/terraform test_working_directory=/tmp/plugintest562719830 test_step_number=1
2023-09-21T03:06:08.654Z [ERROR] sdk.helper_resource: Unexpected error: test_name=TestAccContainerAppJob_basic test_terraform_path=/tmp/plugintest-terraform2066198036/terraform test_working_directory=/tmp/plugintest562719830 test_step_number=1
  error=
  | Error running apply: exit status 1
  | 
  | Error: creating Job (Subscription: "85b3dbca-5974-4067-9669-67a141095a76"
  | Resource Group Name: "acctest-CAJob230921030438117816"
  | Job Name: "acctest-cajob230921030438117816"): performing CreateOrUpdate: jobs.JobsClient#CreateOrUpdate: Failure sending request: StatusCode=0 -- Original Error: Code="ContainerAppProbeTerminationGracePeriodSeconds" Message="Container 'testcontainerappsjob0' 'Liveness' probe invalid. Setting terminationGracePeriodSeconds is currently unsupported, terminationGracePeriodSeconds is fixed at 30 seconds."
  | 
  |   with azurerm_container_app_job.test,
  |   on terraform_plugin_test.tf line 43, in resource "azurerm_container_app_job" "test":
  |   43: resource "azurerm_container_app_job" "test" {
  | 
  | creating Job (Subscription: "85b3dbca-5974-4067-9669-67a141095a76"
  | Resource Group Name: "acctest-CAJob230921030438117816"
  | Job Name: "acctest-cajob230921030438117816"): performing CreateOrUpdate:
  | jobs.JobsClient#CreateOrUpdate: Failure sending request: StatusCode=0 --
  | Original Error: Code="ContainerAppProbeTerminationGracePeriodSeconds"
  | Message="Container 'testcontainerappsjob0' 'Liveness' probe invalid. Setting
  | terminationGracePeriodSeconds is currently unsupported,
  | terminationGracePeriodSeconds is fixed at 30 seconds."
  
2023-09-21T03:06:10.113Z [WARN]  sdk.helper_schema: Previously configured provider being re-configured. This can cause issues in concurrent testing if the configurations are not equal.: tf_rpc=Configure tf_req_id=d4c81221-105f-50b8-66d8-e7c38eb8f2b4 tf_provider_addr=registry.terraform.io/hashicorp/azurerm
2023-09-21T05:27:41.500Z [ERROR] sdk.proto: Response contains error diagnostic: tf_proto_version=5.4 tf_rpc=ApplyResourceChange tf_resource_type=azurerm_container_app_job tf_req_id=5d261fc5-9942-1788-313e-4a5a84fb220a tf_provider_addr=registry.terraform.io/hashicorp/azurerm
  diagnostic_detail=
  | creating Job (Subscription: "85b3dbca-5974-4067-9669-67a141095a76"
  | Resource Group Name: "acctest-CAJob230921052609575839"
  | Job Name: "acctest-cajob230921052609575839"): performing CreateOrUpdate: jobs.JobsClient#CreateOrUpdate: Failure sending request: StatusCode=0 -- Original Error: Code="ContainerAppProbeTerminationGracePeriodSeconds" Message="Container 'testcontainerappsjob0' 'Liveness' probe invalid. Setting terminationGracePeriodSeconds is currently unsupported, terminationGracePeriodSeconds is fixed at 30 seconds."
   diagnostic_severity=ERROR
  diagnostic_summary=
  | creating Job (Subscription: "85b3dbca-5974-4067-9669-67a141095a76"
  | Resource Group Name: "acctest-CAJob230921052609575839"
  | Job Name: "acctest-cajob230921052609575839"): performing CreateOrUpdate: jobs.JobsClient#CreateOrUpdate: Failure sending request: StatusCode=0 -- Original Error: Code="ContainerAppProbeTerminationGracePeriodSeconds" Message="Container 'testcontainerappsjob0' 'Liveness' probe invalid. Setting terminationGracePeriodSeconds is currently unsupported, terminationGracePeriodSeconds is fixed at 30 seconds."
  
2023-09-21T05:27:41.512Z [WARN]  sdk.helper_resource: Error running Terraform CLI command: test_name=TestAccContainerAppJob_basic test_terraform_path=/tmp/plugintest-terraform2692668029/terraform test_working_directory=/tmp/plugintest3648953080 test_step_number=1
  error=
  | exit status 1
  | 
  | Error: creating Job (Subscription: "85b3dbca-5974-4067-9669-67a141095a76"
  | Resource Group Name: "acctest-CAJob230921052609575839"
  | Job Name: "acctest-cajob230921052609575839"): performing CreateOrUpdate: jobs.JobsClient#CreateOrUpdate: Failure sending request: StatusCode=0 -- Original Error: Code="ContainerAppProbeTerminationGracePeriodSeconds" Message="Container 'testcontainerappsjob0' 'Liveness' probe invalid. Setting terminationGracePeriodSeconds is currently unsupported, terminationGracePeriodSeconds is fixed at 30 seconds."
  | 
  |   with azurerm_container_app_job.test,
  |   on terraform_plugin_test.tf line 43, in resource "azurerm_container_app_job" "test":
  |   43: resource "azurerm_container_app_job" "test" {
  | 
  | creating Job (Subscription: "85b3dbca-5974-4067-9669-67a141095a76"
  | Resource Group Name: "acctest-CAJob230921052609575839"
  | Job Name: "acctest-cajob230921052609575839"): performing CreateOrUpdate:
  | jobs.JobsClient#CreateOrUpdate: Failure sending request: StatusCode=0 --
  | Original Error: Code="ContainerAppProbeTerminationGracePeriodSeconds"
  | Message="Container 'testcontainerappsjob0' 'Liveness' probe invalid. Setting
  | terminationGracePeriodSeconds is currently unsupported,
  | terminationGracePeriodSeconds is fixed at 30 seconds."
  
2023-09-21T05:27:41.513Z [ERROR] sdk.helper_resource: Unexpected error:
  error=
  | Error running apply: exit status 1
  | 
  | Error: creating Job (Subscription: "85b3dbca-5974-4067-9669-67a141095a76"
  | Resource Group Name: "acctest-CAJob230921052609575839"
  | Job Name: "acctest-cajob230921052609575839"): performing CreateOrUpdate: jobs.JobsClient#CreateOrUpdate: Failure sending request: StatusCode=0 -- Original Error: Code="ContainerAppProbeTerminationGracePeriodSeconds" Message="Container 'testcontainerappsjob0' 'Liveness' probe invalid. Setting terminationGracePeriodSeconds is currently unsupported, terminationGracePeriodSeconds is fixed at 30 seconds."
  | 
  |   with azurerm_container_app_job.test,
  |   on terraform_plugin_test.tf line 43, in resource "azurerm_container_app_job" "test":
  |   43: resource "azurerm_container_app_job" "test" {
  | 
  | creating Job (Subscription: "85b3dbca-5974-4067-9669-67a141095a76"
  | Resource Group Name: "acctest-CAJob230921052609575839"
  | Job Name: "acctest-cajob230921052609575839"): performing CreateOrUpdate:
  | jobs.JobsClient#CreateOrUpdate: Failure sending request: StatusCode=0 --
  | Original Error: Code="ContainerAppProbeTerminationGracePeriodSeconds"
  | Message="Container 'testcontainerappsjob0' 'Liveness' probe invalid. Setting
  | terminationGracePeriodSeconds is currently unsupported,
  | terminationGracePeriodSeconds is fixed at 30 seconds."
   test_name=TestAccContainerAppJob_basic test_terraform_path=/tmp/plugintest-terraform2692668029/terraform test_working_directory=/tmp/plugintest3648953080 test_step_number=1
2023-09-21T05:27:42.846Z [WARN]  sdk.helper_schema: Previously configured provider being re-configured. This can cause issues in concurrent testing if the configurations are not equal.: tf_rpc=Configure tf_req_id=f1d7a625-1ede-b86a-c700-f1438fbe753b tf_provider_addr=registry.terraform.io/hashicorp/azurerm
2023-09-21T05:40:22.186Z [ERROR] sdk.helper_resource: Unexpected error: test_name=TestAccContainerAppJob_basic test_terraform_path=/tmp/plugintest-terraform2751521187/terraform test_working_directory=/tmp/plugintest2732302379 test_step_number=1
  error=
  | After applying this test step, the plan was not empty.
  | stdout:
  | 
  | 
  | Terraform used the selected providers to generate the following execution
  | plan. Resource actions are indicated with the following symbols:
  |   ~ update in-place
  | 
  | Terraform will perform the following actions:
  | 
  |   # azurerm_container_app_job.test will be updated in-place
  |   ~ resource "azurerm_container_app_job" "test" {
  |         id                           = "/subscriptions/85b3dbca-5974-4067-9669-67a141095a76/resourceGroups/acctest-CAJob230921053807735160/providers/Microsoft.App/jobs/acctest-cajob230921053807735160"
  |         name                         = "acctest-cajob230921053807735160"
  |         # (3 unchanged attributes hidden)
  | 
  |       ~ template {
  |           ~ containers {
  |               + args    = []
  |               + command = []
  |                 name    = "testcontainerappsjob0"
  |                 # (1 unchanged attribute hidden)
  | 
  |               + probes {
  |                   + failure_threshold     = 3
  |                   + initial_delay_seconds = 10
  |                   + period_seconds        = 10
  |                   + success_threshold     = 1
  |                   + timeout_seconds       = 10
  |                   + type                  = "Liveness"
  | 
  |                   + http_get {
  |                       + path = "/testpath"
  |                       + port = 8080
  | 
  |                       + http_headers {
  |                           + name  = "testheader"
  |                           + value = "testvalue"
  |                         }
  |                     }
  |                 }
  | 
  |               - resources {
  |                   - cpu    = 0.5 -> null
  |                   - memory = "1Gi" -> null
  |                 }
  |             }
  |           ~ init_containers {
  |                 name    = "testcontainerappsjob0"
  |                 # (3 unchanged attributes hidden)
  | 
  |               - resources {
  |                   - cpu    = 0.5 -> null
  |                   - memory = "1Gi" -> null
  |                 }
  |             }
  |         }
  | 
  |         # (1 unchanged block hidden)
  |     }
  | 
  | Plan: 0 to add, 1 to change, 0 to destroy.
  
2023-09-21T05:40:23.450Z [WARN]  sdk.helper_schema: Previously configured provider being re-configured. This can cause issues in concurrent testing if the configurations are not equal.: tf_req_id=17a5bbcf-d4d4-3c00-3d2f-784e016136be tf_provider_addr=registry.terraform.io/hashicorp/azurerm tf_rpc=Configure
2023-09-21T05:49:23.117Z [ERROR] sdk.helper_resource: Unexpected error: test_working_directory=/tmp/plugintest4246808834 test_step_number=1
  error=
  | After applying this test step, the plan was not empty.
  | stdout:
  | 
  | 
  | Terraform used the selected providers to generate the following execution
  | plan. Resource actions are indicated with the following symbols:
  |   ~ update in-place
  | 
  | Terraform will perform the following actions:
  | 
  |   # azurerm_container_app_job.test will be updated in-place
  |   ~ resource "azurerm_container_app_job" "test" {
  |         id                           = "/subscriptions/85b3dbca-5974-4067-9669-67a141095a76/resourceGroups/acctest-CAJob230921054707949616/providers/Microsoft.App/jobs/acctest-cajob230921054707949616"
  |         name                         = "acctest-cajob230921054707949616"
  |         # (3 unchanged attributes hidden)
  | 
  |       ~ template {
  |           ~ containers {
  |               + args    = []
  |               + command = []
  |                 name    = "testcontainerappsjob0"
  |                 # (1 unchanged attribute hidden)
  | 
  |               + probes {
  |                   + failure_threshold     = 3
  |                   + initial_delay_seconds = 10
  |                   + period_seconds        = 10
  |                   + success_threshold     = 1
  |                   + timeout_seconds       = 10
  |                   + type                  = "Liveness"
  | 
  |                   + http_get {
  |                       + path = "/testpath"
  |                       + port = 8080
  | 
  |                       + http_headers {
  |                           + name  = "testheader"
  |                           + value = "testvalue"
  |                         }
  |                     }
  |                 }
  | 
  |               - resources {
  |                   - cpu    = 0.5 -> null
  |                   - memory = "1Gi" -> null
  |                 }
  |             }
  |           ~ init_containers {
  |                 name    = "testcontainerappsjob0"
  |                 # (3 unchanged attributes hidden)
  | 
  |               - resources {
  |                   - cpu    = 0.5 -> null
  |                   - memory = "1Gi" -> null
  |                 }
  |             }
  |         }
  | 
  |         # (1 unchanged block hidden)
  |     }
  | 
  | Plan: 0 to add, 1 to change, 0 to destroy.
   test_name=TestAccContainerAppJob_basic test_terraform_path=/tmp/plugintest-terraform2510904778/terraform
2023-09-21T05:49:24.522Z [WARN]  sdk.helper_schema: Previously configured provider being re-configured. This can cause issues in concurrent testing if the configurations are not equal.: tf_provider_addr=registry.terraform.io/hashicorp/azurerm tf_rpc=Configure tf_req_id=da5c11bb-6b8c-d30b-d20d-0e5ef2d4f17c
2023-09-21T06:06:31.664Z [ERROR] sdk.proto: Response contains error diagnostic: tf_resource_type=azurerm_container_app_job
  diagnostic_detail=
  | creating Job (Subscription: "85b3dbca-5974-4067-9669-67a141095a76"
  | Resource Group Name: "acctest-CAJob230921060450224288"
  | Job Name: "acctest-cajob230921060450224288"): performing CreateOrUpdate: jobs.JobsClient#CreateOrUpdate: Failure sending request: StatusCode=0 -- Original Error: Code="ContainerAppProbeTimeoutSecondsOutOfRange" Message="Container 'testcontainerappsjob0' 'Type' probe's TimeoutSeconds must be in the range of ['1', '240']."
   diagnostic_severity=ERROR
  diagnostic_summary=
  | creating Job (Subscription: "85b3dbca-5974-4067-9669-67a141095a76"
  | Resource Group Name: "acctest-CAJob230921060450224288"
  | Job Name: "acctest-cajob230921060450224288"): performing CreateOrUpdate: jobs.JobsClient#CreateOrUpdate: Failure sending request: StatusCode=0 -- Original Error: Code="ContainerAppProbeTimeoutSecondsOutOfRange" Message="Container 'testcontainerappsjob0' 'Type' probe's TimeoutSeconds must be in the range of ['1', '240']."
   tf_req_id=cde9a519-17a9-4688-31a2-d1ff6511b67f tf_provider_addr=registry.terraform.io/hashicorp/azurerm tf_proto_version=5.4 tf_rpc=ApplyResourceChange
2023-09-21T06:06:31.678Z [WARN]  sdk.helper_resource: Error running Terraform CLI command: test_name=TestAccContainerAppJob_basic test_terraform_path=/tmp/plugintest-terraform365896403/terraform test_working_directory=/tmp/plugintest4256434801 test_step_number=1
  error=
  | exit status 1
  | 
  | Error: creating Job (Subscription: "85b3dbca-5974-4067-9669-67a141095a76"
  | Resource Group Name: "acctest-CAJob230921060450224288"
  | Job Name: "acctest-cajob230921060450224288"): performing CreateOrUpdate: jobs.JobsClient#CreateOrUpdate: Failure sending request: StatusCode=0 -- Original Error: Code="ContainerAppProbeTimeoutSecondsOutOfRange" Message="Container 'testcontainerappsjob0' 'Type' probe's TimeoutSeconds must be in the range of ['1', '240']."
  | 
  |   with azurerm_container_app_job.test,
  |   on terraform_plugin_test.tf line 43, in resource "azurerm_container_app_job" "test":
  |   43: resource "azurerm_container_app_job" "test" {
  | 
  | creating Job (Subscription: "85b3dbca-5974-4067-9669-67a141095a76"
  | Resource Group Name: "acctest-CAJob230921060450224288"
  | Job Name: "acctest-cajob230921060450224288"): performing CreateOrUpdate:
  | jobs.JobsClient#CreateOrUpdate: Failure sending request: StatusCode=0 --
  | Original Error: Code="ContainerAppProbeTimeoutSecondsOutOfRange"
  | Message="Container 'testcontainerappsjob0' 'Type' probe's TimeoutSeconds must
  | be in the range of ['1', '240']."
  
2023-09-21T06:06:31.678Z [ERROR] sdk.helper_resource: Unexpected error: test_name=TestAccContainerAppJob_basic test_terraform_path=/tmp/plugintest-terraform365896403/terraform test_working_directory=/tmp/plugintest4256434801 test_step_number=1
  error=
  | Error running apply: exit status 1
  | 
  | Error: creating Job (Subscription: "85b3dbca-5974-4067-9669-67a141095a76"
  | Resource Group Name: "acctest-CAJob230921060450224288"
  | Job Name: "acctest-cajob230921060450224288"): performing CreateOrUpdate: jobs.JobsClient#CreateOrUpdate: Failure sending request: StatusCode=0 -- Original Error: Code="ContainerAppProbeTimeoutSecondsOutOfRange" Message="Container 'testcontainerappsjob0' 'Type' probe's TimeoutSeconds must be in the range of ['1', '240']."
  | 
  |   with azurerm_container_app_job.test,
  |   on terraform_plugin_test.tf line 43, in resource "azurerm_container_app_job" "test":
  |   43: resource "azurerm_container_app_job" "test" {
  | 
  | creating Job (Subscription: "85b3dbca-5974-4067-9669-67a141095a76"
  | Resource Group Name: "acctest-CAJob230921060450224288"
  | Job Name: "acctest-cajob230921060450224288"): performing CreateOrUpdate:
  | jobs.JobsClient#CreateOrUpdate: Failure sending request: StatusCode=0 --
  | Original Error: Code="ContainerAppProbeTimeoutSecondsOutOfRange"
  | Message="Container 'testcontainerappsjob0' 'Type' probe's TimeoutSeconds must
  | be in the range of ['1', '240']."
  
2023-09-21T06:06:33.410Z [WARN]  sdk.helper_schema: Previously configured provider being re-configured. This can cause issues in concurrent testing if the configurations are not equal.: tf_req_id=1502754e-47ff-0d7b-6a16-98006c1e780c tf_provider_addr=registry.terraform.io/hashicorp/azurerm tf_rpc=Configure
2023-09-21T06:10:37.352Z [ERROR] sdk.helper_resource: Unexpected error:
  error=
  | After applying this test step, the plan was not empty.
  | stdout:
  | 
  | 
  | Terraform used the selected providers to generate the following execution
  | plan. Resource actions are indicated with the following symbols:
  |   ~ update in-place
  | 
  | Terraform will perform the following actions:
  | 
  |   # azurerm_container_app_job.test will be updated in-place
  |   ~ resource "azurerm_container_app_job" "test" {
  |         id                           = "/subscriptions/85b3dbca-5974-4067-9669-67a141095a76/resourceGroups/acctest-CAJob230921060819915181/providers/Microsoft.App/jobs/acctest-cajob230921060819915181"
  |         name                         = "acctest-cajob230921060819915181"
  |         # (3 unchanged attributes hidden)
  | 
  |       ~ template {
  |           ~ containers {
  |               + args    = []
  |               + command = []
  |                 name    = "testcontainerappsjob0"
  |                 # (1 unchanged attribute hidden)
  | 
  |               + probes {
  |                   + failure_threshold     = 3
  |                   + initial_delay_seconds = 10
  |                   + period_seconds        = 10
  |                   + success_threshold     = 1
  |                   + type                  = "Liveness"
  | 
  |                   + http_get {
  |                       + path = "/testpath"
  |                       + port = 8080
  | 
  |                       + http_headers {
  |                           + name  = "testheader"
  |                           + value = "testvalue"
  |                         }
  |                     }
  |                 }
  | 
  |               - resources {
  |                   - cpu    = 0.5 -> null
  |                   - memory = "1Gi" -> null
  |                 }
  |             }
  |           ~ init_containers {
  |                 name    = "testcontainerappsjob0"
  |                 # (3 unchanged attributes hidden)
  | 
  |               - resources {
  |                   - cpu    = 0.5 -> null
  |                   - memory = "1Gi" -> null
  |                 }
  |             }
  |         }
  | 
  |         # (1 unchanged block hidden)
  |     }
  | 
  | Plan: 0 to add, 1 to change, 0 to destroy.
   test_working_directory=/tmp/plugintest3981622943 test_name=TestAccContainerAppJob_basic test_step_number=1 test_terraform_path=/tmp/plugintest-terraform2950252056/terraform
2023-09-21T06:10:38.803Z [WARN]  sdk.helper_schema: Previously configured provider being re-configured. This can cause issues in concurrent testing if the configurations are not equal.: tf_req_id=3bc370b7-9d2c-9b8c-967d-5797d6df3571 tf_provider_addr=registry.terraform.io/hashicorp/azurerm tf_rpc=Configure
2023-09-21T06:34:05.774Z [ERROR] sdk.helper_resource: Unexpected error:
  error=
  | After applying this test step, the plan was not empty.
  | stdout:
  | 
  | 
  | Terraform used the selected providers to generate the following execution
  | plan. Resource actions are indicated with the following symbols:
  |   ~ update in-place
  | 
  | Terraform will perform the following actions:
  | 
  |   # azurerm_container_app_job.test will be updated in-place
  |   ~ resource "azurerm_container_app_job" "test" {
  |         id                           = "/subscriptions/85b3dbca-5974-4067-9669-67a141095a76/resourceGroups/acctest-CAJob230921063150101833/providers/Microsoft.App/jobs/acctest-cajob230921063150101833"
  |         name                         = "acctest-cajob230921063150101833"
  |         # (3 unchanged attributes hidden)
  | 
  |       ~ template {
  |           ~ containers {
  |               + args    = []
  |               + command = []
  |                 name    = "testcontainerappsjob0"
  |                 # (1 unchanged attribute hidden)
  | 
  |               + probes {
  |                   + failure_threshold     = 3
  |                   + initial_delay_seconds = 10
  |                   + period_seconds        = 10
  |                   + success_threshold     = 1
  |                   + type                  = "Liveness"
  | 
  |                   + http_get {
  |                       + path = "/testpath"
  |                       + port = 8080
  | 
  |                       + http_headers {
  |                           + name  = "testheader"
  |                           + value = "testvalue"
  |                         }
  |                     }
  |                 }
  | 
  |               - resources {
  |                   - cpu    = 0.5 -> null
  |                   - memory = "1Gi" -> null
  |                 }
  |             }
  |           ~ init_containers {
  |                 name    = "testcontainerappsjob0"
  |                 # (3 unchanged attributes hidden)
  | 
  |               - resources {
  |                   - cpu    = 0.5 -> null
  |                   - memory = "1Gi" -> null
  |                 }
  |             }
  |         }
  | 
  |         # (1 unchanged block hidden)
  |     }
  | 
  | Plan: 0 to add, 1 to change, 0 to destroy.
   test_step_number=1 test_name=TestAccContainerAppJob_basic test_terraform_path=/tmp/plugintest-terraform2592196077/terraform test_working_directory=/tmp/plugintest3492823454
2023-09-21T06:34:07.126Z [WARN]  sdk.helper_schema: Previously configured provider being re-configured. This can cause issues in concurrent testing if the configurations are not equal.: tf_rpc=Configure tf_req_id=cdfd9b7c-1c93-b14e-9519-174caa7dbffa tf_provider_addr=registry.terraform.io/hashicorp/azurerm
